Arguments: 
  /Users/franciscosantos/.nvm/versions/node/v16.2.0/bin/node /usr/local/Cellar/yarn/1.22.10/libexec/bin/yarn.js add concurrently --save-dev

PATH: 
  /usr/local/opt/luajit-openresty/bin:/Users/franciscosantos/.nvm/versions/node/v16.2.0/bin:/Library/Frameworks/Python.framework/Versions/3.8/bin:/usr/local/bin:/usr/bin:/bin:/usr/sbin:/sbin:/usr/local/go/bin:/opt/X11/bin:/Library/Apple/usr/bin:/Applications/Postgres.app/Contents/Versions/latest/bin:/Users/franciscosantos/.cargo/bin

Yarn version: 
  1.22.10

Node version: 
  16.2.0

Platform: 
  darwin x64

Trace: 
  Error: getaddrinfo ENOTFOUND registry.yarnpkg.com
      at GetAddrInfoReqWrap.onlookup [as oncomplete] (node:dns:69:26)

npm manifest: 
  {
    "name": "frontend-microfrontends",
    "version": "1.0.0",
    "description": "This is the best social media ever. This is just the repository for the frontend :D",
    "scripts": {
      "start-all": "concurrently \"cd Root-Conf && yarn start\" \"cd navbar && yarn start --port 3000\" \"cd util-module && yarn start --port 3001\" \"cd globalStyles && yarn start --port 3002\" \"cd not-found && yarn start --port 3003\" \"cd create-post && yarn start --port 3004\" \"cd feed && yarn start --port 3005\" \"cd post && yarn start --port 3006\" \"cd profile && yarn start --port 3007\" \"cd login && yarn start --port 3008\" \"cd register && yarn start --port 3009\" \"cd freinds-chat && yarn start --port 3010\" \"cd chat && yarn start --port 3011\" \"cd search && yarn start --port 3012\" \"cd settings && yarn start --port 3013\" \"cd notifications && yarn start --port 3014\" \"cd stories && yarn start --port 3016\""
    },
    "author": "",
    "license": "ISC"
  }

yarn manifest: 
  No manifest

Lockfile: 
  No lockfile
